[2025-02-13 06:42:28] Starting getDetailedStats: Array
(
    [degree] => B.E Computer Science and Engineering
    [batch_id] => 
)

[2025-02-13 06:42:28] Added degree filter: B.E Computer Science and Engineering
[2025-02-13 06:42:28] WHERE clause:  WHERE degree = ?
[2025-02-13 06:42:28] Total responses query: SELECT COUNT(*) as total FROM alumni_survey WHERE degree = ?
[2025-02-13 06:42:28] Bound parameters: Array
(
    [0] => B.E Computer Science and Engineering
)

[2025-02-13 06:42:28] Total responses: 1
[2025-02-13 06:42:28] Gender distribution query: SELECT COALESCE(gender, 'Not Specified') as gender, COUNT(*) as count 
              FROM alumni_survey WHERE degree = ? 
              GROUP BY gender
[2025-02-13 06:42:28] Gender distribution: Array
(
    [male] => 1
)

[2025-02-13 06:42:28] Employment status query: SELECT 
                COALESCE(present_status, 'Not Specified') as present_status, 
                COUNT(*) as count,
                GROUP_CONCAT(DISTINCT NULLIF(company_name, '')) as companies,
                GROUP_CONCAT(DISTINCT NULLIF(designation, '')) as designations
              FROM alumni_survey WHERE degree = ? 
              GROUP BY present_status
[2025-02-13 06:42:28] Employment details: Array
(
    [employed] => Array
        (
            [count] => 1
            [companies] => Array
                (
                    [0] => infosys
                )

            [designations] => Array
                (
                    [0] => senior dev
                )

        )

)

[2025-02-13 06:42:28] Higher education query: SELECT 
                COALESCE(course1_name, 'Not Specified') as course_name,
                COUNT(*) as count,
                GROUP_CONCAT(DISTINCT NULLIF(course1_institution, '')) as institutions
              FROM alumni_survey WHERE degree = ?
              WHERE course1_name IS NOT NULL AND course1_name != ''
              GROUP BY course1_name
[2025-02-13 06:44:40] Starting getDetailedStats: Array
(
    [degree] => B.E Computer Science and Engineering
    [batch_id] => 
)

[2025-02-13 06:44:40] Added degree filter: B.E Computer Science and Engineering
[2025-02-13 06:44:40] WHERE clause:  WHERE degree = ?
[2025-02-13 06:44:40] Total responses query: SELECT COUNT(*) as total FROM alumni_survey WHERE degree = ?
[2025-02-13 06:44:40] Bound parameters: Array
(
    [0] => B.E Computer Science and Engineering
)

[2025-02-13 06:44:40] Total responses: 1
[2025-02-13 06:44:40] Gender distribution query: SELECT COALESCE(gender, 'Not Specified') as gender, COUNT(*) as count 
                  FROM alumni_survey WHERE degree = ? 
                  GROUP BY gender
[2025-02-13 06:44:40] Gender distribution: Array
(
    [male] => 1
)

[2025-02-13 06:44:40] Employment status query: SELECT 
                    COALESCE(present_status, 'Not Specified') as present_status, 
                    COUNT(*) as count,
                    GROUP_CONCAT(DISTINCT NULLIF(company_name, '')) as companies,
                    GROUP_CONCAT(DISTINCT NULLIF(designation, '')) as designations
                  FROM alumni_survey WHERE degree = ? 
                  GROUP BY present_status
[2025-02-13 06:44:40] Employment details: Array
(
    [employed] => Array
        (
            [count] => 1
            [companies] => Array
                (
                    [0] => infosys
                )

            [designations] => Array
                (
                    [0] => senior dev
                )

        )

)

[2025-02-13 06:44:40] Higher education query: SELECT 
                    COALESCE(course1_name, 'Not Specified') as course_name,
                    COUNT(*) as count,
                    GROUP_CONCAT(DISTINCT NULLIF(course1_institution, '')) as institutions
                  FROM alumni_survey WHERE degree = ? AND course1_name IS NOT NULL AND course1_name != ''
                  GROUP BY course1_name
[2025-02-13 06:44:40] Higher education details: Array
(
)

[2025-02-13 06:44:40] Final detailed stats: Array
(
    [total_responses] => 1
    [gender_distribution] => Array
        (
            [male] => 1
        )

    [employment_details] => Array
        (
            [employed] => Array
                (
                    [count] => 1
                    [companies] => Array
                        (
                            [0] => infosys
                        )

                    [designations] => Array
                        (
                            [0] => senior dev
                        )

                )

        )

    [higher_education] => Array
        (
        )

)

[2025-02-13 06:44:40] Final attainment analysis: Array
(
    [po] => Array
        (
            [1] => 3
            [2] => 3
            [3] => 5
            [4] => 3
            [5] => 5
            [6] => 5
            [7] => 5
            [8] => 5
            [9] => 5
            [10] => 5
            [11] => 5
            [12] => 5
        )

    [peo] => Array
        (
            [1] => 4
            [2] => 3
            [3] => 5
            [4] => 5
            [5] => 5
        )

    [pso] => Array
        (
            [1] => 5
            [2] => 5
            [3] => 5
        )

)

[2025-02-13 06:47:37] Starting getDetailedStats: Array
(
    [degree] => B.E Computer Science and Engineering
    [batch_id] => 
)

[2025-02-13 06:47:37] Added degree filter: B.E Computer Science and Engineering
[2025-02-13 06:47:37] WHERE clause:  WHERE degree = ?
[2025-02-13 06:47:37] Total responses query: SELECT COUNT(*) as total FROM alumni_survey WHERE degree = ?
[2025-02-13 06:47:37] Bound parameters: Array
(
    [0] => B.E Computer Science and Engineering
)

[2025-02-13 06:47:37] Total responses: 1
[2025-02-13 06:47:37] Gender distribution query: SELECT COALESCE(gender, 'Not Specified') as gender, COUNT(*) as count 
              FROM alumni_survey WHERE degree = ? 
              GROUP BY gender
[2025-02-13 06:47:37] Gender distribution: Array
(
    [male] => 1
)

[2025-02-13 06:47:37] Employment status query: SELECT 
                COALESCE(present_status, 'Not Specified') as present_status, 
                COUNT(*) as count,
                GROUP_CONCAT(DISTINCT NULLIF(company_name, '')) as companies,
                GROUP_CONCAT(DISTINCT NULLIF(designation, '')) as designations
              FROM alumni_survey WHERE degree = ? 
              GROUP BY present_status
[2025-02-13 06:47:37] Employment details: Array
(
    [employed] => Array
        (
            [count] => 1
            [companies] => Array
                (
                    [0] => infosys
                )

            [designations] => Array
                (
                    [0] => senior dev
                )

        )

)

[2025-02-13 06:47:37] Higher education query: SELECT 
                COALESCE(course1_name, 'Not Specified') as course_name,
                COUNT(*) as count,
                GROUP_CONCAT(DISTINCT NULLIF(course1_institution, '')) as institutions
              FROM alumni_survey WHERE degree = ? AND course1_name IS NOT NULL AND course1_name != ''
              GROUP BY course1_name
[2025-02-13 06:47:37] Higher education details: Array
(
)

[2025-02-13 06:47:37] Final detailed stats: Array
(
    [total_responses] => 1
    [gender_distribution] => Array
        (
            [male] => 1
        )

    [employment_details] => Array
        (
            [employed] => Array
                (
                    [count] => 1
                    [companies] => Array
                        (
                            [0] => infosys
                        )

                    [designations] => Array
                        (
                            [0] => senior dev
                        )

                )

        )

    [higher_education] => Array
        (
        )

)

[2025-02-13 06:47:37] Final attainment analysis: Array
(
    [po] => Array
        (
            [1] => 3
            [2] => 3
            [3] => 5
            [4] => 3
            [5] => 5
            [6] => 5
            [7] => 5
            [8] => 5
            [9] => 5
            [10] => 5
            [11] => 5
            [12] => 5
        )

    [peo] => Array
        (
            [1] => 4
            [2] => 3
            [3] => 5
            [4] => 5
            [5] => 5
        )

    [pso] => Array
        (
            [1] => 5
            [2] => 5
            [3] => 5
        )

)

[2025-02-13 06:47:56] Starting getDetailedStats: Array
(
    [degree] => 
    [batch_id] => 
)

[2025-02-13 06:47:56] WHERE clause: 
[2025-02-13 06:47:56] Total responses query: SELECT COUNT(*) as total FROM alumni_survey
[2025-02-13 06:47:56] Total responses: 3
[2025-02-13 06:47:56] Gender distribution query: SELECT COALESCE(gender, 'Not Specified') as gender, COUNT(*) as count 
              FROM alumni_survey 
              GROUP BY gender
[2025-02-13 06:47:56] Gender distribution: Array
(
    [male] => 3
)

[2025-02-13 06:47:56] Employment status query: SELECT 
                COALESCE(present_status, 'Not Specified') as present_status, 
                COUNT(*) as count,
                GROUP_CONCAT(DISTINCT NULLIF(company_name, '')) as companies,
                GROUP_CONCAT(DISTINCT NULLIF(designation, '')) as designations
              FROM alumni_survey 
              GROUP BY present_status
[2025-02-13 06:47:56] Employment details: Array
(
    [employed] => Array
        (
            [count] => 2
            [companies] => Array
                (
                    [0] => infosys
                    [1] => kjndvkpj
                )

            [designations] => Array
                (
                    [0] => kjfn2;jf
                    [1] => senior dev
                )

        )

    [higher_studies] => Array
        (
            [count] => 1
            [companies] => Array
                (
                )

            [designations] => Array
                (
                )

        )

)

[2025-02-13 06:47:56] Higher education query: SELECT 
                COALESCE(course1_name, 'Not Specified') as course_name,
                COUNT(*) as count,
                GROUP_CONCAT(DISTINCT NULLIF(course1_institution, '')) as institutions
              FROM alumni_survey WHERE course1_name IS NOT NULL AND course1_name != ''
              GROUP BY course1_name
[2025-02-13 06:47:56] Higher education details: Array
(
    [quantum computing] => Array
        (
            [count] => 1
            [institutions] => Array
                (
                    [0] => MIT
                )

        )

)

[2025-02-13 06:47:56] Final detailed stats: Array
(
    [total_responses] => 3
    [gender_distribution] => Array
        (
            [male] => 3
        )

    [employment_details] => Array
        (
            [employed] => Array
                (
                    [count] => 2
                    [companies] => Array
                        (
                            [0] => infosys
                            [1] => kjndvkpj
                        )

                    [designations] => Array
                        (
                            [0] => kjfn2;jf
                            [1] => senior dev
                        )

                )

            [higher_studies] => Array
                (
                    [count] => 1
                    [companies] => Array
                        (
                        )

                    [designations] => Array
                        (
                        )

                )

        )

    [higher_education] => Array
        (
            [quantum computing] => Array
                (
                    [count] => 1
                    [institutions] => Array
                        (
                            [0] => MIT
                        )

                )

        )

)

[2025-02-13 06:47:56] Final attainment analysis: Array
(
    [po] => Array
        (
            [1] => 4.5
            [2] => 3.75
            [3] => 4.25
            [4] => 3.5
            [5] => 4.25
            [6] => 4
            [7] => 4.75
            [8] => 4.5
            [9] => 4.5
            [10] => 4.5
            [11] => 4.5
            [12] => 4.5
        )

    [peo] => Array
        (
            [1] => 4.25
            [2] => 4
            [3] => 4.5
            [4] => 4.75
            [5] => 4.5
        )

    [pso] => Array
        (
            [1] => 4.25
            [2] => 4.75
            [3] => 4.75
        )

)

[2025-02-13 06:49:09] Starting getDetailedStats: Array
(
    [degree] => 
    [batch_id] => 
)

[2025-02-13 06:49:09] WHERE clause: 
[2025-02-13 06:49:09] Total responses query: SELECT COUNT(*) as total FROM alumni_survey
[2025-02-13 06:49:09] Total responses: 3
[2025-02-13 06:49:09] Gender distribution query: SELECT COALESCE(gender, 'Not Specified') as gender, COUNT(*) as count 
              FROM alumni_survey 
              GROUP BY gender
[2025-02-13 06:49:09] Gender distribution: Array
(
    [male] => 3
)

[2025-02-13 06:49:09] Employment status query: SELECT 
                COALESCE(present_status, 'Not Specified') as present_status, 
                COUNT(*) as count,
                GROUP_CONCAT(DISTINCT NULLIF(company_name, '')) as companies,
                GROUP_CONCAT(DISTINCT NULLIF(designation, '')) as designations
              FROM alumni_survey 
              GROUP BY present_status
[2025-02-13 06:49:09] Employment details: Array
(
    [employed] => Array
        (
            [count] => 2
            [companies] => Array
                (
                    [0] => infosys
                    [1] => kjndvkpj
                )

            [designations] => Array
                (
                    [0] => kjfn2;jf
                    [1] => senior dev
                )

        )

    [higher_studies] => Array
        (
            [count] => 1
            [companies] => Array
                (
                )

            [designations] => Array
                (
                )

        )

)

[2025-02-13 06:49:09] Higher education query: SELECT 
                COALESCE(course1_name, 'Not Specified') as course_name,
                COUNT(*) as count,
                GROUP_CONCAT(DISTINCT NULLIF(course1_institution, '')) as institutions
              FROM alumni_survey WHERE course1_name IS NOT NULL AND course1_name != ''
              GROUP BY course1_name
[2025-02-13 06:49:09] Higher education details: Array
(
    [quantum computing] => Array
        (
            [count] => 1
            [institutions] => Array
                (
                    [0] => MIT
                )

        )

)

[2025-02-13 06:49:09] Industry distribution query: SELECT 
                COALESCE(business_nature, 'Other') as industry_sector,
                company_name,
                COUNT(*) as count
              FROM alumni_survey
              WHERE company_name IS NOT NULL AND company_name != ''
              GROUP BY business_nature, company_name
[2025-02-13 06:49:09] Industry distribution: Array
(
    [] => Array
        (
            [infosys] => 1
        )

    [vkjndk] => Array
        (
            [kjndvkpj] => 1
        )

)

[2025-02-13 06:49:09] Final detailed stats: Array
(
    [total_responses] => 3
    [gender_distribution] => Array
        (
            [male] => 3
        )

    [employment_details] => Array
        (
            [employed] => Array
                (
                    [count] => 2
                    [companies] => Array
                        (
                            [0] => infosys
                            [1] => kjndvkpj
                        )

                    [designations] => Array
                        (
                            [0] => kjfn2;jf
                            [1] => senior dev
                        )

                )

            [higher_studies] => Array
                (
                    [count] => 1
                    [companies] => Array
                        (
                        )

                    [designations] => Array
                        (
                        )

                )

        )

    [higher_education] => Array
        (
            [quantum computing] => Array
                (
                    [count] => 1
                    [institutions] => Array
                        (
                            [0] => MIT
                        )

                )

        )

    [industry_distribution] => Array
        (
            [] => Array
                (
                    [infosys] => 1
                )

            [vkjndk] => Array
                (
                    [kjndvkpj] => 1
                )

        )

)

[2025-02-13 06:49:09] Final attainment analysis: Array
(
    [po] => Array
        (
            [1] => 4.5
            [2] => 3.75
            [3] => 4.25
            [4] => 3.5
            [5] => 4.25
            [6] => 4
            [7] => 4.75
            [8] => 4.5
            [9] => 4.5
            [10] => 4.5
            [11] => 4.5
            [12] => 4.5
        )

    [peo] => Array
        (
            [1] => 4.25
            [2] => 4
            [3] => 4.5
            [4] => 4.75
            [5] => 4.5
        )

    [pso] => Array
        (
            [1] => 4.25
            [2] => 4.75
            [3] => 4.75
        )

)

[2025-02-13 06:49:30] Starting getDetailedStats: Array
(
    [degree] => B.E Computer Science and Engineering
    [batch_id] => 
)

[2025-02-13 06:49:30] Added degree filter: B.E Computer Science and Engineering
[2025-02-13 06:49:30] WHERE clause:  WHERE degree = ?
[2025-02-13 06:49:30] Total responses query: SELECT COUNT(*) as total FROM alumni_survey WHERE degree = ?
[2025-02-13 06:49:30] Bound parameters: Array
(
    [0] => B.E Computer Science and Engineering
)

[2025-02-13 06:49:30] Total responses: 1
[2025-02-13 06:49:30] Gender distribution query: SELECT COALESCE(gender, 'Not Specified') as gender, COUNT(*) as count 
              FROM alumni_survey WHERE degree = ? 
              GROUP BY gender
[2025-02-13 06:49:30] Gender distribution: Array
(
    [male] => 1
)

[2025-02-13 06:49:30] Employment status query: SELECT 
                COALESCE(present_status, 'Not Specified') as present_status, 
                COUNT(*) as count,
                GROUP_CONCAT(DISTINCT NULLIF(company_name, '')) as companies,
                GROUP_CONCAT(DISTINCT NULLIF(designation, '')) as designations
              FROM alumni_survey WHERE degree = ? 
              GROUP BY present_status
[2025-02-13 06:49:30] Employment details: Array
(
    [employed] => Array
        (
            [count] => 1
            [companies] => Array
                (
                    [0] => infosys
                )

            [designations] => Array
                (
                    [0] => senior dev
                )

        )

)

[2025-02-13 06:49:30] Higher education query: SELECT 
                COALESCE(course1_name, 'Not Specified') as course_name,
                COUNT(*) as count,
                GROUP_CONCAT(DISTINCT NULLIF(course1_institution, '')) as institutions
              FROM alumni_survey WHERE degree = ? AND course1_name IS NOT NULL AND course1_name != ''
              GROUP BY course1_name
[2025-02-13 06:49:30] Higher education details: Array
(
)

[2025-02-13 06:49:30] Industry distribution query: SELECT 
                COALESCE(business_nature, 'Other') as industry_sector,
                company_name,
                COUNT(*) as count
              FROM alumni_survey WHERE degree = ?
              WHERE company_name IS NOT NULL AND company_name != ''
              GROUP BY business_nature, company_name
[2025-02-13 06:49:44] Starting getDetailedStats: Array
(
    [degree] => B.Tech Artificial Intelligence and Data Science
    [batch_id] => 
)

[2025-02-13 06:49:44] Added degree filter: B.Tech Artificial Intelligence and Data Science
[2025-02-13 06:49:44] WHERE clause:  WHERE degree = ?
[2025-02-13 06:49:44] Total responses query: SELECT COUNT(*) as total FROM alumni_survey WHERE degree = ?
[2025-02-13 06:49:44] Bound parameters: Array
(
    [0] => B.Tech Artificial Intelligence and Data Science
)

[2025-02-13 06:49:44] Total responses: 2
[2025-02-13 06:49:44] Gender distribution query: SELECT COALESCE(gender, 'Not Specified') as gender, COUNT(*) as count 
              FROM alumni_survey WHERE degree = ? 
              GROUP BY gender
[2025-02-13 06:49:44] Gender distribution: Array
(
    [male] => 2
)

[2025-02-13 06:49:44] Employment status query: SELECT 
                COALESCE(present_status, 'Not Specified') as present_status, 
                COUNT(*) as count,
                GROUP_CONCAT(DISTINCT NULLIF(company_name, '')) as companies,
                GROUP_CONCAT(DISTINCT NULLIF(designation, '')) as designations
              FROM alumni_survey WHERE degree = ? 
              GROUP BY present_status
[2025-02-13 06:49:44] Employment details: Array
(
    [employed] => Array
        (
            [count] => 1
            [companies] => Array
                (
                    [0] => kjndvkpj
                )

            [designations] => Array
                (
                    [0] => kjfn2;jf
                )

        )

    [higher_studies] => Array
        (
            [count] => 1
            [companies] => Array
                (
                )

            [designations] => Array
                (
                )

        )

)

[2025-02-13 06:49:44] Higher education query: SELECT 
                COALESCE(course1_name, 'Not Specified') as course_name,
                COUNT(*) as count,
                GROUP_CONCAT(DISTINCT NULLIF(course1_institution, '')) as institutions
              FROM alumni_survey WHERE degree = ? AND course1_name IS NOT NULL AND course1_name != ''
              GROUP BY course1_name
[2025-02-13 06:49:44] Higher education details: Array
(
    [quantum computing] => Array
        (
            [count] => 1
            [institutions] => Array
                (
                    [0] => MIT
                )

        )

)

[2025-02-13 06:49:44] Industry distribution query: SELECT 
                COALESCE(business_nature, 'Other') as industry_sector,
                company_name,
                COUNT(*) as count
              FROM alumni_survey WHERE degree = ?
              WHERE company_name IS NOT NULL AND company_name != ''
              GROUP BY business_nature, company_name
[2025-02-13 06:50:04] Starting getDetailedStats: Array
(
    [degree] => B.Tech Artificial Intelligence and Data Science
    [batch_id] => 
)

[2025-02-13 06:50:04] Added degree filter: B.Tech Artificial Intelligence and Data Science
[2025-02-13 06:50:04] WHERE clause:  WHERE degree = ?
[2025-02-13 06:50:04] Total responses query: SELECT COUNT(*) as total FROM alumni_survey WHERE degree = ?
[2025-02-13 06:50:04] Bound parameters: Array
(
    [0] => B.Tech Artificial Intelligence and Data Science
)

[2025-02-13 06:50:04] Total responses: 2
[2025-02-13 06:50:04] Gender distribution query: SELECT COALESCE(gender, 'Not Specified') as gender, COUNT(*) as count 
              FROM alumni_survey WHERE degree = ? 
              GROUP BY gender
[2025-02-13 06:50:04] Gender distribution: Array
(
    [male] => 2
)

[2025-02-13 06:50:04] Employment status query: SELECT 
                COALESCE(present_status, 'Not Specified') as present_status, 
                COUNT(*) as count,
                GROUP_CONCAT(DISTINCT NULLIF(company_name, '')) as companies,
                GROUP_CONCAT(DISTINCT NULLIF(designation, '')) as designations
              FROM alumni_survey WHERE degree = ? 
              GROUP BY present_status
[2025-02-13 06:50:04] Employment details: Array
(
    [employed] => Array
        (
            [count] => 1
            [companies] => Array
                (
                    [0] => kjndvkpj
                )

            [designations] => Array
                (
                    [0] => kjfn2;jf
                )

        )

    [higher_studies] => Array
        (
            [count] => 1
            [companies] => Array
                (
                )

            [designations] => Array
                (
                )

        )

)

[2025-02-13 06:50:04] Higher education query: SELECT 
                COALESCE(course1_name, 'Not Specified') as course_name,
                COUNT(*) as count,
                GROUP_CONCAT(DISTINCT NULLIF(course1_institution, '')) as institutions
              FROM alumni_survey WHERE degree = ? AND course1_name IS NOT NULL AND course1_name != ''
              GROUP BY course1_name
[2025-02-13 06:50:04] Higher education details: Array
(
    [quantum computing] => Array
        (
            [count] => 1
            [institutions] => Array
                (
                    [0] => MIT
                )

        )

)

[2025-02-13 06:50:04] Industry distribution query: SELECT 
                COALESCE(business_nature, 'Other') as industry_sector,
                company_name,
                COUNT(*) as count
              FROM alumni_survey WHERE degree = ?
              WHERE company_name IS NOT NULL AND company_name != ''
              GROUP BY business_nature, company_name
[2025-02-13 06:51:22] Starting getDetailedStats: Array
(
    [degree] => B.E Computer Science and Engineering
    [batch_id] => 
)

[2025-02-13 06:51:22] Added degree filter: B.E Computer Science and Engineering
[2025-02-13 06:51:22] WHERE clause:  WHERE degree = ?
[2025-02-13 06:51:22] Total responses query: SELECT COUNT(*) as total FROM alumni_survey WHERE degree = ?
[2025-02-13 06:51:22] Bound parameters: Array
(
    [0] => B.E Computer Science and Engineering
)

[2025-02-13 06:51:22] Total responses: 1
[2025-02-13 06:51:22] Gender distribution query: SELECT COALESCE(gender, 'Not Specified') as gender, COUNT(*) as count 
              FROM alumni_survey WHERE degree = ? 
              GROUP BY gender
[2025-02-13 06:51:22] Gender distribution: Array
(
    [male] => 1
)

[2025-02-13 06:51:22] Employment status query: SELECT 
                COALESCE(present_status, 'Not Specified') as present_status, 
                COUNT(*) as count,
                GROUP_CONCAT(DISTINCT NULLIF(company_name, '')) as companies,
                GROUP_CONCAT(DISTINCT NULLIF(designation, '')) as designations
              FROM alumni_survey WHERE degree = ? 
              GROUP BY present_status
[2025-02-13 06:51:22] Employment details: Array
(
    [employed] => Array
        (
            [count] => 1
            [companies] => Array
                (
                    [0] => infosys
                )

            [designations] => Array
                (
                    [0] => senior dev
                )

        )

)

[2025-02-13 06:51:22] Higher education query: SELECT 
                COALESCE(course1_name, 'Not Specified') as course_name,
                COUNT(*) as count,
                GROUP_CONCAT(DISTINCT NULLIF(course1_institution, '')) as institutions
              FROM alumni_survey WHERE degree = ? AND course1_name IS NOT NULL AND course1_name != ''
              GROUP BY course1_name
[2025-02-13 06:51:22] Higher education details: Array
(
)

[2025-02-13 06:51:22] Industry distribution query: SELECT 
                COALESCE(business_nature, 'Other') as industry_sector,
                company_name,
                COUNT(*) as count
              FROM alumni_survey WHERE degree = ? AND company_name IS NOT NULL AND company_name != '' GROUP BY business_nature, company_name
[2025-02-13 06:51:22] Industry distribution: Array
(
    [] => Array
        (
            [infosys] => 1
        )

)

[2025-02-13 06:51:22] Final detailed stats: Array
(
    [total_responses] => 1
    [gender_distribution] => Array
        (
            [male] => 1
        )

    [employment_details] => Array
        (
            [employed] => Array
                (
                    [count] => 1
                    [companies] => Array
                        (
                            [0] => infosys
                        )

                    [designations] => Array
                        (
                            [0] => senior dev
                        )

                )

        )

    [higher_education] => Array
        (
        )

    [industry_distribution] => Array
        (
            [] => Array
                (
                    [infosys] => 1
                )

        )

)

[2025-02-13 06:51:22] Final attainment analysis: Array
(
    [po] => Array
        (
            [1] => 3
            [2] => 3
            [3] => 5
            [4] => 3
            [5] => 5
            [6] => 5
            [7] => 5
            [8] => 5
            [9] => 5
            [10] => 5
            [11] => 5
            [12] => 5
        )

    [peo] => Array
        (
            [1] => 4
            [2] => 3
            [3] => 5
            [4] => 5
            [5] => 5
        )

    [pso] => Array
        (
            [1] => 5
            [2] => 5
            [3] => 5
        )

)

[2025-02-13 06:51:34] Starting getDetailedStats: Array
(
    [degree] => B.E Computer Science and Engineering
    [batch_id] => 
)

[2025-02-13 06:51:34] Added degree filter: B.E Computer Science and Engineering
[2025-02-13 06:51:34] WHERE clause:  WHERE degree = ?
[2025-02-13 06:51:34] Total responses query: SELECT COUNT(*) as total FROM alumni_survey WHERE degree = ?
[2025-02-13 06:51:34] Bound parameters: Array
(
    [0] => B.E Computer Science and Engineering
)

[2025-02-13 06:51:34] Total responses: 1
[2025-02-13 06:51:34] Gender distribution query: SELECT COALESCE(gender, 'Not Specified') as gender, COUNT(*) as count 
              FROM alumni_survey WHERE degree = ? 
              GROUP BY gender
[2025-02-13 06:51:34] Gender distribution: Array
(
    [male] => 1
)

[2025-02-13 06:51:34] Employment status query: SELECT 
                COALESCE(present_status, 'Not Specified') as present_status, 
                COUNT(*) as count,
                GROUP_CONCAT(DISTINCT NULLIF(company_name, '')) as companies,
                GROUP_CONCAT(DISTINCT NULLIF(designation, '')) as designations
              FROM alumni_survey WHERE degree = ? 
              GROUP BY present_status
[2025-02-13 06:51:34] Employment details: Array
(
    [employed] => Array
        (
            [count] => 1
            [companies] => Array
                (
                    [0] => infosys
                )

            [designations] => Array
                (
                    [0] => senior dev
                )

        )

)

[2025-02-13 06:51:34] Higher education query: SELECT 
                COALESCE(course1_name, 'Not Specified') as course_name,
                COUNT(*) as count,
                GROUP_CONCAT(DISTINCT NULLIF(course1_institution, '')) as institutions
              FROM alumni_survey WHERE degree = ? AND course1_name IS NOT NULL AND course1_name != ''
              GROUP BY course1_name
[2025-02-13 06:51:34] Higher education details: Array
(
)

[2025-02-13 06:51:34] Industry distribution query: SELECT 
                COALESCE(business_nature, 'Other') as industry_sector,
                company_name,
                COUNT(*) as count
              FROM alumni_survey WHERE degree = ? AND company_name IS NOT NULL AND company_name != '' GROUP BY business_nature, company_name
[2025-02-13 06:51:34] Industry distribution: Array
(
    [] => Array
        (
            [infosys] => 1
        )

)

[2025-02-13 06:51:34] Final detailed stats: Array
(
    [total_responses] => 1
    [gender_distribution] => Array
        (
            [male] => 1
        )

    [employment_details] => Array
        (
            [employed] => Array
                (
                    [count] => 1
                    [companies] => Array
                        (
                            [0] => infosys
                        )

                    [designations] => Array
                        (
                            [0] => senior dev
                        )

                )

        )

    [higher_education] => Array
        (
        )

    [industry_distribution] => Array
        (
            [] => Array
                (
                    [infosys] => 1
                )

        )

)

[2025-02-13 06:51:34] Final attainment analysis: Array
(
    [po] => Array
        (
            [1] => 3
            [2] => 3
            [3] => 5
            [4] => 3
            [5] => 5
            [6] => 5
            [7] => 5
            [8] => 5
            [9] => 5
            [10] => 5
            [11] => 5
            [12] => 5
        )

    [peo] => Array
        (
            [1] => 4
            [2] => 3
            [3] => 5
            [4] => 5
            [5] => 5
        )

    [pso] => Array
        (
            [1] => 5
            [2] => 5
            [3] => 5
        )

)

[2025-02-13 06:51:49] Starting getDetailedStats: Array
(
    [degree] => B.Tech Artificial Intelligence and Data Science
    [batch_id] => 2021
)

[2025-02-13 06:51:49] Added degree filter: B.Tech Artificial Intelligence and Data Science
[2025-02-13 06:51:49] Added batch filter: 2021
[2025-02-13 06:51:49] WHERE clause:  WHERE degree = ? AND passing_year = ?
[2025-02-13 06:51:49] Total responses query: SELECT COUNT(*) as total FROM alumni_survey WHERE degree = ? AND passing_year = ?
[2025-02-13 06:51:49] Bound parameters: Array
(
    [0] => B.Tech Artificial Intelligence and Data Science
    [1] => 2021
)

[2025-02-13 06:51:49] Total responses: 1
[2025-02-13 06:51:49] Gender distribution query: SELECT COALESCE(gender, 'Not Specified') as gender, COUNT(*) as count 
              FROM alumni_survey WHERE degree = ? AND passing_year = ? 
              GROUP BY gender
[2025-02-13 06:51:49] Gender distribution: Array
(
    [male] => 1
)

[2025-02-13 06:51:49] Employment status query: SELECT 
                COALESCE(present_status, 'Not Specified') as present_status, 
                COUNT(*) as count,
                GROUP_CONCAT(DISTINCT NULLIF(company_name, '')) as companies,
                GROUP_CONCAT(DISTINCT NULLIF(designation, '')) as designations
              FROM alumni_survey WHERE degree = ? AND passing_year = ? 
              GROUP BY present_status
[2025-02-13 06:51:49] Employment details: Array
(
    [higher_studies] => Array
        (
            [count] => 1
            [companies] => Array
                (
                )

            [designations] => Array
                (
                )

        )

)

[2025-02-13 06:51:49] Higher education query: SELECT 
                COALESCE(course1_name, 'Not Specified') as course_name,
                COUNT(*) as count,
                GROUP_CONCAT(DISTINCT NULLIF(course1_institution, '')) as institutions
              FROM alumni_survey WHERE degree = ? AND passing_year = ? AND course1_name IS NOT NULL AND course1_name != ''
              GROUP BY course1_name
[2025-02-13 06:51:49] Higher education details: Array
(
    [quantum computing] => Array
        (
            [count] => 1
            [institutions] => Array
                (
                    [0] => MIT
                )

        )

)

[2025-02-13 06:51:49] Industry distribution query: SELECT 
                COALESCE(business_nature, 'Other') as industry_sector,
                company_name,
                COUNT(*) as count
              FROM alumni_survey WHERE degree = ? AND passing_year = ? AND company_name IS NOT NULL AND company_name != '' GROUP BY business_nature, company_name
[2025-02-13 06:51:49] Industry distribution: Array
(
)

[2025-02-13 06:51:49] Final detailed stats: Array
(
    [total_responses] => 1
    [gender_distribution] => Array
        (
            [male] => 1
        )

    [employment_details] => Array
        (
            [higher_studies] => Array
                (
                    [count] => 1
                    [companies] => Array
                        (
                        )

                    [designations] => Array
                        (
                        )

                )

        )

    [higher_education] => Array
        (
            [quantum computing] => Array
                (
                    [count] => 1
                    [institutions] => Array
                        (
                            [0] => MIT
                        )

                )

        )

    [industry_distribution] => Array
        (
        )

)

[2025-02-13 06:51:49] Final attainment analysis: Array
(
    [po] => Array
        (
            [1] => 5
            [2] => 3
            [3] => 3
            [4] => 3
            [5] => 5
            [6] => 3
            [7] => 5
            [8] => 5
            [9] => 4
            [10] => 5
            [11] => 4
            [12] => 4
        )

    [peo] => Array
        (
            [1] => 4
            [2] => 4
            [3] => 4
            [4] => 5
            [5] => 4
        )

    [pso] => Array
        (
            [1] => 4
            [2] => 5
            [3] => 5
        )

)

[2025-02-13 06:52:12] Starting getDetailedStats: Array
(
    [degree] => B.Tech Artificial Intelligence and Data Science
    [batch_id] => 2023
)

[2025-02-13 06:52:12] Added degree filter: B.Tech Artificial Intelligence and Data Science
[2025-02-13 06:52:12] Added batch filter: 2023
[2025-02-13 06:52:12] WHERE clause:  WHERE degree = ? AND passing_year = ?
[2025-02-13 06:52:12] Total responses query: SELECT COUNT(*) as total FROM alumni_survey WHERE degree = ? AND passing_year = ?
[2025-02-13 06:52:12] Bound parameters: Array
(
    [0] => B.Tech Artificial Intelligence and Data Science
    [1] => 2023
)

[2025-02-13 06:52:12] Total responses: 1
[2025-02-13 06:52:12] Gender distribution query: SELECT COALESCE(gender, 'Not Specified') as gender, COUNT(*) as count 
              FROM alumni_survey WHERE degree = ? AND passing_year = ? 
              GROUP BY gender
[2025-02-13 06:52:12] Gender distribution: Array
(
    [male] => 1
)

[2025-02-13 06:52:12] Employment status query: SELECT 
                COALESCE(present_status, 'Not Specified') as present_status, 
                COUNT(*) as count,
                GROUP_CONCAT(DISTINCT NULLIF(company_name, '')) as companies,
                GROUP_CONCAT(DISTINCT NULLIF(designation, '')) as designations
              FROM alumni_survey WHERE degree = ? AND passing_year = ? 
              GROUP BY present_status
[2025-02-13 06:52:12] Employment details: Array
(
    [employed] => Array
        (
            [count] => 1
            [companies] => Array
                (
                    [0] => kjndvkpj
                )

            [designations] => Array
                (
                    [0] => kjfn2;jf
                )

        )

)

[2025-02-13 06:52:12] Higher education query: SELECT 
                COALESCE(course1_name, 'Not Specified') as course_name,
                COUNT(*) as count,
                GROUP_CONCAT(DISTINCT NULLIF(course1_institution, '')) as institutions
              FROM alumni_survey WHERE degree = ? AND passing_year = ? AND course1_name IS NOT NULL AND course1_name != ''
              GROUP BY course1_name
[2025-02-13 06:52:12] Higher education details: Array
(
)

[2025-02-13 06:52:12] Industry distribution query: SELECT 
                COALESCE(business_nature, 'Other') as industry_sector,
                company_name,
                COUNT(*) as count
              FROM alumni_survey WHERE degree = ? AND passing_year = ? AND company_name IS NOT NULL AND company_name != '' GROUP BY business_nature, company_name
[2025-02-13 06:52:12] Industry distribution: Array
(
    [vkjndk] => Array
        (
            [kjndvkpj] => 1
        )

)

[2025-02-13 06:52:12] Final detailed stats: Array
(
    [total_responses] => 1
    [gender_distribution] => Array
        (
            [male] => 1
        )

    [employment_details] => Array
        (
            [employed] => Array
                (
                    [count] => 1
                    [companies] => Array
                        (
                            [0] => kjndvkpj
                        )

                    [designations] => Array
                        (
                            [0] => kjfn2;jf
                        )

                )

        )

    [higher_education] => Array
        (
        )

    [industry_distribution] => Array
        (
            [vkjndk] => Array
                (
                    [kjndvkpj] => 1
                )

        )

)

[2025-02-13 06:52:12] Final attainment analysis: Array
(
    [po] => Array
        (
            [1] => 5
            [2] => 4.5
            [3] => 4.5
            [4] => 4
            [5] => 3.5
            [6] => 4
            [7] => 4.5
            [8] => 4
            [9] => 4.5
            [10] => 4
            [11] => 4.5
            [12] => 4.5
        )

    [peo] => Array
        (
            [1] => 4.5
            [2] => 4.5
            [3] => 4.5
            [4] => 4.5
            [5] => 4.5
        )

    [pso] => Array
        (
            [1] => 4
            [2] => 4.5
            [3] => 4.5
        )

)

[2025-02-13 06:57:42] Starting getDetailedStats: Array
(
    [degree] => B.E Computer Science and Engineering
    [batch_id] => 
)

[2025-02-13 06:57:42] Added degree filter: B.E Computer Science and Engineering
[2025-02-13 06:57:42] WHERE clause:  WHERE degree = ?
[2025-02-13 06:57:42] Total responses query: SELECT COUNT(*) as total FROM alumni_survey WHERE degree = ?
[2025-02-13 06:57:42] Bound parameters: Array
(
    [0] => B.E Computer Science and Engineering
)

[2025-02-13 06:57:42] Total responses: 1
[2025-02-13 06:57:42] Gender distribution query: SELECT COALESCE(gender, 'Not Specified') as gender, COUNT(*) as count 
              FROM alumni_survey WHERE degree = ? 
              GROUP BY gender
[2025-02-13 06:57:42] Gender distribution: Array
(
    [male] => 1
)

[2025-02-13 06:57:42] Employment status query: SELECT 
                COALESCE(present_status, 'Not Specified') as present_status, 
                COUNT(*) as count,
                GROUP_CONCAT(DISTINCT NULLIF(company_name, '')) as companies,
                GROUP_CONCAT(DISTINCT NULLIF(designation, '')) as designations
              FROM alumni_survey WHERE degree = ? 
              GROUP BY present_status
[2025-02-13 06:57:42] Employment details: Array
(
    [employed] => Array
        (
            [count] => 1
            [companies] => Array
                (
                    [0] => infosys
                )

            [designations] => Array
                (
                    [0] => senior dev
                )

        )

)

[2025-02-13 06:57:42] Higher education query: SELECT 
                COALESCE(course1_name, 'Not Specified') as course_name,
                COUNT(*) as count,
                GROUP_CONCAT(DISTINCT NULLIF(course1_institution, '')) as institutions
              FROM alumni_survey WHERE degree = ? AND course1_name IS NOT NULL AND course1_name != ''
              GROUP BY course1_name
[2025-02-13 06:57:42] Higher education details: Array
(
)

[2025-02-13 06:57:42] Industry distribution query: SELECT 
                COALESCE(business_nature, 'Other') as industry_sector,
                company_name,
                COUNT(*) as count
              FROM alumni_survey WHERE degree = ? AND company_name IS NOT NULL AND company_name != '' GROUP BY business_nature, company_name
[2025-02-13 06:57:42] Industry distribution: Array
(
    [] => Array
        (
            [infosys] => 1
        )

)

[2025-02-13 06:57:42] Final detailed stats: Array
(
    [total_responses] => 1
    [gender_distribution] => Array
        (
            [male] => 1
        )

    [employment_details] => Array
        (
            [employed] => Array
                (
                    [count] => 1
                    [companies] => Array
                        (
                            [0] => infosys
                        )

                    [designations] => Array
                        (
                            [0] => senior dev
                        )

                )

        )

    [higher_education] => Array
        (
        )

    [industry_distribution] => Array
        (
            [] => Array
                (
                    [infosys] => 1
                )

        )

)

[2025-02-13 06:57:42] Final attainment analysis: Array
(
    [po] => Array
        (
            [1] => 3
            [2] => 3
            [3] => 5
            [4] => 3
            [5] => 5
            [6] => 5
            [7] => 5
            [8] => 5
            [9] => 5
            [10] => 5
            [11] => 5
            [12] => 5
        )

    [peo] => Array
        (
            [1] => 4
            [2] => 3
            [3] => 5
            [4] => 5
            [5] => 5
        )

    [pso] => Array
        (
            [1] => 5
            [2] => 5
            [3] => 5
        )

)

[2025-02-13 09:32:55] Starting getDetailedStats: Array
(
    [degree] => B.Tech Artificial Intelligence and Data Science
    [batch_id] => 
)

[2025-02-13 09:32:55] Added degree filter: B.Tech Artificial Intelligence and Data Science
[2025-02-13 09:32:55] WHERE clause:  WHERE degree = ?
[2025-02-13 09:32:55] Total responses query: SELECT COUNT(*) as total FROM alumni_survey WHERE degree = ?
[2025-02-13 09:32:55] Bound parameters: Array
(
    [0] => B.Tech Artificial Intelligence and Data Science
)

[2025-02-13 09:32:55] Total responses: 2
[2025-02-13 09:32:55] Gender distribution query: SELECT COALESCE(gender, 'Not Specified') as gender, COUNT(*) as count 
              FROM alumni_survey WHERE degree = ? 
              GROUP BY gender
[2025-02-13 09:32:55] Gender distribution: Array
(
    [male] => 2
)

[2025-02-13 09:32:55] Employment status query: SELECT 
                COALESCE(present_status, 'Not Specified') as present_status, 
                COUNT(*) as count,
                GROUP_CONCAT(DISTINCT NULLIF(company_name, '')) as companies,
                GROUP_CONCAT(DISTINCT NULLIF(designation, '')) as designations
              FROM alumni_survey WHERE degree = ? 
              GROUP BY present_status
[2025-02-13 09:32:55] Employment details: Array
(
    [employed] => Array
        (
            [count] => 1
            [companies] => Array
                (
                    [0] => kjndvkpj
                )

            [designations] => Array
                (
                    [0] => kjfn2;jf
                )

        )

    [higher_studies] => Array
        (
            [count] => 1
            [companies] => Array
                (
                )

            [designations] => Array
                (
                )

        )

)

[2025-02-13 09:32:55] Higher education query: SELECT 
                COALESCE(course1_name, 'Not Specified') as course_name,
                COUNT(*) as count,
                GROUP_CONCAT(DISTINCT NULLIF(course1_institution, '')) as institutions
              FROM alumni_survey WHERE degree = ? AND course1_name IS NOT NULL AND course1_name != ''
              GROUP BY course1_name
[2025-02-13 09:32:55] Higher education details: Array
(
    [quantum computing] => Array
        (
            [count] => 1
            [institutions] => Array
                (
                    [0] => MIT
                )

        )

)

[2025-02-13 09:32:55] Industry distribution query: SELECT 
                COALESCE(business_nature, 'Other') as industry_sector,
                company_name,
                COUNT(*) as count
              FROM alumni_survey WHERE degree = ? AND company_name IS NOT NULL AND company_name != '' GROUP BY business_nature, company_name
[2025-02-13 09:32:55] Industry distribution: Array
(
    [vkjndk] => Array
        (
            [kjndvkpj] => 1
        )

)

[2025-02-13 09:32:55] Final detailed stats: Array
(
    [total_responses] => 2
    [gender_distribution] => Array
        (
            [male] => 2
        )

    [employment_details] => Array
        (
            [employed] => Array
                (
                    [count] => 1
                    [companies] => Array
                        (
                            [0] => kjndvkpj
                        )

                    [designations] => Array
                        (
                            [0] => kjfn2;jf
                        )

                )

            [higher_studies] => Array
                (
                    [count] => 1
                    [companies] => Array
                        (
                        )

                    [designations] => Array
                        (
                        )

                )

        )

    [higher_education] => Array
        (
            [quantum computing] => Array
                (
                    [count] => 1
                    [institutions] => Array
                        (
                            [0] => MIT
                        )

                )

        )

    [industry_distribution] => Array
        (
            [vkjndk] => Array
                (
                    [kjndvkpj] => 1
                )

        )

)

[2025-02-13 09:32:55] Final attainment analysis: Array
(
    [po] => Array
        (
            [1] => 5
            [2] => 4
            [3] => 4
            [4] => 3.67
            [5] => 4
            [6] => 3.67
            [7] => 4.67
            [8] => 4.33
            [9] => 4.33
            [10] => 4.33
            [11] => 4.33
            [12] => 4.33
        )

    [peo] => Array
        (
            [1] => 4.33
            [2] => 4.33
            [3] => 4.33
            [4] => 4.67
            [5] => 4.33
        )

    [pso] => Array
        (
            [1] => 4
            [2] => 4.67
            [3] => 4.67
        )

)

[2025-02-13 09:33:27] Starting getDetailedStats: Array
(
    [degree] => B.Tech Artificial Intelligence and Data Science
    [batch_id] => 
)

[2025-02-13 09:33:27] Added degree filter: B.Tech Artificial Intelligence and Data Science
[2025-02-13 09:33:27] WHERE clause:  WHERE degree = ?
[2025-02-13 09:33:27] Total responses query: SELECT COUNT(*) as total FROM alumni_survey WHERE degree = ?
[2025-02-13 09:33:27] Bound parameters: Array
(
    [0] => B.Tech Artificial Intelligence and Data Science
)

[2025-02-13 09:33:27] Total responses: 2
[2025-02-13 09:33:27] Gender distribution query: SELECT COALESCE(gender, 'Not Specified') as gender, COUNT(*) as count 
              FROM alumni_survey WHERE degree = ? 
              GROUP BY gender
[2025-02-13 09:33:27] Gender distribution: Array
(
    [male] => 2
)

[2025-02-13 09:33:27] Employment status query: SELECT 
                COALESCE(present_status, 'Not Specified') as present_status, 
                COUNT(*) as count,
                GROUP_CONCAT(DISTINCT NULLIF(company_name, '')) as companies,
                GROUP_CONCAT(DISTINCT NULLIF(designation, '')) as designations
              FROM alumni_survey WHERE degree = ? 
              GROUP BY present_status
[2025-02-13 09:33:27] Employment details: Array
(
    [employed] => Array
        (
            [count] => 1
            [companies] => Array
                (
                    [0] => kjndvkpj
                )

            [designations] => Array
                (
                    [0] => kjfn2;jf
                )

        )

    [higher_studies] => Array
        (
            [count] => 1
            [companies] => Array
                (
                )

            [designations] => Array
                (
                )

        )

)

[2025-02-13 09:33:27] Higher education query: SELECT 
                COALESCE(course1_name, 'Not Specified') as course_name,
                COUNT(*) as count,
                GROUP_CONCAT(DISTINCT NULLIF(course1_institution, '')) as institutions
              FROM alumni_survey WHERE degree = ? AND course1_name IS NOT NULL AND course1_name != ''
              GROUP BY course1_name
[2025-02-13 09:33:27] Higher education details: Array
(
    [quantum computing] => Array
        (
            [count] => 1
            [institutions] => Array
                (
                    [0] => MIT
                )

        )

)

[2025-02-13 09:33:27] Industry distribution query: SELECT 
                COALESCE(business_nature, 'Other') as industry_sector,
                company_name,
                COUNT(*) as count
              FROM alumni_survey WHERE degree = ? AND company_name IS NOT NULL AND company_name != '' GROUP BY business_nature, company_name
[2025-02-13 09:33:27] Industry distribution: Array
(
    [vkjndk] => Array
        (
            [kjndvkpj] => 1
        )

)

[2025-02-13 09:33:27] Final detailed stats: Array
(
    [total_responses] => 2
    [gender_distribution] => Array
        (
            [male] => 2
        )

    [employment_details] => Array
        (
            [employed] => Array
                (
                    [count] => 1
                    [companies] => Array
                        (
                            [0] => kjndvkpj
                        )

                    [designations] => Array
                        (
                            [0] => kjfn2;jf
                        )

                )

            [higher_studies] => Array
                (
                    [count] => 1
                    [companies] => Array
                        (
                        )

                    [designations] => Array
                        (
                        )

                )

        )

    [higher_education] => Array
        (
            [quantum computing] => Array
                (
                    [count] => 1
                    [institutions] => Array
                        (
                            [0] => MIT
                        )

                )

        )

    [industry_distribution] => Array
        (
            [vkjndk] => Array
                (
                    [kjndvkpj] => 1
                )

        )

)

[2025-02-13 09:33:27] Final attainment analysis: Array
(
    [po] => Array
        (
            [1] => 5
            [2] => 4
            [3] => 4
            [4] => 3.67
            [5] => 4
            [6] => 3.67
            [7] => 4.67
            [8] => 4.33
            [9] => 4.33
            [10] => 4.33
            [11] => 4.33
            [12] => 4.33
        )

    [peo] => Array
        (
            [1] => 4.33
            [2] => 4.33
            [3] => 4.33
            [4] => 4.67
            [5] => 4.33
        )

    [pso] => Array
        (
            [1] => 4
            [2] => 4.67
            [3] => 4.67
        )

)

